[Header]
Signature=VISE
Version=0001
RemoveInUseFiles=0
RegistryKeyName=PENTACON Developer Kit 
Product Name=PENTACON Developer Kit 
[WinNT]
AdminPrivileges=1
[Directories2]
0=d:\works
count=36
1=d:\works\vocatch-data
2=d:\works\vocatch-data\p_dk
3=d:\works\vocatch-data\p_dk\bin
4=d:\works\vocatch-data\p_dk\doc
5=d:\works\vocatch-data\p_dk\drivers
6=d:\works\vocatch-data\p_dk\drivers\hasp
7=d:\works\vocatch-data\p_dk\drivers\Pentacon devices
8=d:\works\vocatch-data\p_dk\examples
9=d:\works\vocatch-data\p_dk\examples\KeyEdit
10=d:\works\vocatch-data\p_dk\examples\KeyEdit\Release
11=d:\works\vocatch-data\p_dk\examples\KeyEdit\res
12=d:\works\vocatch-data\p_dk\examples\MultiScreen
13=d:\works\vocatch-data\p_dk\examples\MultiScreen\Release
14=d:\works\vocatch-data\p_dk\examples\MultiScreen\res
15=d:\works\vocatch-data\p_dk\examples\RdvpViewer
16=d:\works\vocatch-data\p_dk\examples\RdvpViewer\Avi
17=d:\works\vocatch-data\p_dk\examples\RdvpViewer\Avi\res
18=d:\works\vocatch-data\p_dk\examples\RdvpViewer\Bin
19=d:\works\vocatch-data\p_dk\examples\RdvpViewer\Bin\Debug
20=d:\works\vocatch-data\p_dk\examples\RdvpViewer\Bin\Release
21=d:\works\vocatch-data\p_dk\examples\RdvpViewer\Capture
22=d:\works\vocatch-data\p_dk\examples\RdvpViewer\Capture\res
23=d:\works\vocatch-data\p_dk\examples\RdvpViewer\RdvpViewerMain
24=d:\works\vocatch-data\p_dk\examples\RdvpViewer\RdvpViewerMain\res
25=d:\works\vocatch-data\p_dk\examples\RvcViewer
26=d:\works\vocatch-data\p_dk\examples\RvcViewer\Release
27=d:\works\vocatch-data\p_dk\examples\RvcViewer\res
28=d:\works\vocatch-data\p_dk\include
29=d:\works\vocatch-data\p_dk\lib
30=D:\Documents and Settings
31=D:\Documents and Settings\All Users.WINDOWS
32=D:\Documents and Settings\All Users.WINDOWS\Главное меню
33=D:\Documents and Settings\All Users.WINDOWS\Главное меню\Программы
34=D:\Documents and Settings\All Users.WINDOWS\Главное меню\Программы\PENTACON Developer Kit
35=D:\Documents and Settings\All Users.WINDOWS\Главное меню\Программы\PENTACON Developer Kit\Example
[Files]
count=206
0=D:\DOCUME~1\E173~1\LOCALS~1\Temp\~vis0000\HINSTALL.EXE
1=d:\works\vocatch-data\p_dk\bin\Cpuinf32.dll
2=d:\works\vocatch-data\p_dk\bin\ipl.dll
3=d:\works\vocatch-data\p_dk\bin\ipla6.dll
4=d:\works\vocatch-data\p_dk\bin\iplm5.dll
5=d:\works\vocatch-data\p_dk\bin\iplm6.dll
6=d:\works\vocatch-data\p_dk\bin\iplp6.dll
7=d:\works\vocatch-data\p_dk\bin\iplpx.dll
8=d:\works\vocatch-data\p_dk\bin\iplw7.dll
9=d:\works\vocatch-data\p_dk\bin\rdevkit.dll
10=d:\works\vocatch-data\p_dk\bin\rdvp.dll
11=d:\works\vocatch-data\p_dk\bin\rvcl.dll
12=d:\works\vocatch-data\p_dk\doc\rdevkit.pdf
13=d:\works\vocatch-data\p_dk\drivers\hasp\Hinstall.exe
14=d:\works\vocatch-data\p_dk\drivers\Pentacon devices\rgbt8xx.inf
15=d:\works\vocatch-data\p_dk\drivers\Pentacon devices\rgbt8xx.sys
16=d:\works\vocatch-data\p_dk\drivers\Pentacon devices\rgcx2388x.inf
17=d:\works\vocatch-data\p_dk\drivers\Pentacon devices\Rgcx2388x.sys
18=d:\works\vocatch-data\p_dk\drivers\Pentacon devices\Setup.exe
19=d:\works\vocatch-data\p_dk\examples\KeyEdit\KeyEdit.aps
20=d:\works\vocatch-data\p_dk\examples\KeyEdit\KeyEdit.clw
21=d:\works\vocatch-data\p_dk\examples\KeyEdit\KeyEdit.cpp
22=d:\works\vocatch-data\p_dk\examples\KeyEdit\KeyEdit.dsp
23=d:\works\vocatch-data\p_dk\examples\KeyEdit\KeyEdit.dsw
24=d:\works\vocatch-data\p_dk\examples\KeyEdit\KeyEdit.h
25=d:\works\vocatch-data\p_dk\examples\KeyEdit\KeyEdit.ncb
26=d:\works\vocatch-data\p_dk\examples\KeyEdit\KeyEdit.opt
27=d:\works\vocatch-data\p_dk\examples\KeyEdit\KeyEdit.plg
28=d:\works\vocatch-data\p_dk\examples\KeyEdit\KeyEdit.rc
29=d:\works\vocatch-data\p_dk\examples\KeyEdit\KeyEditDlg.cpp
30=d:\works\vocatch-data\p_dk\examples\KeyEdit\KeyEditDlg.h
31=d:\works\vocatch-data\p_dk\examples\KeyEdit\ReadMe.txt
32=d:\works\vocatch-data\p_dk\examples\KeyEdit\Release\KeyEdit.exe
33=d:\works\vocatch-data\p_dk\examples\KeyEdit\res\KeyEdit.ico
34=d:\works\vocatch-data\p_dk\examples\KeyEdit\res\KeyEdit.rc2
35=d:\works\vocatch-data\p_dk\examples\KeyEdit\resource.h
36=d:\works\vocatch-data\p_dk\examples\KeyEdit\StdAfx.cpp
37=d:\works\vocatch-data\p_dk\examples\KeyEdit\StdAfx.h
38=d:\works\vocatch-data\p_dk\examples\KeyEdit\VerCtrl2.dat
39=d:\works\vocatch-data\p_dk\examples\KeyEdit\KeyEdit.sln
40=d:\works\vocatch-data\p_dk\examples\KeyEdit\KeyEdit.vcproj
41=d:\works\vocatch-data\p_dk\examples\MultiScreen\CaptureDevice.cpp
42=d:\works\vocatch-data\p_dk\examples\MultiScreen\CaptureDevice.h
43=d:\works\vocatch-data\p_dk\examples\MultiScreen\LoginDlg.cpp
44=d:\works\vocatch-data\p_dk\examples\MultiScreen\LoginDlg.h
45=d:\works\vocatch-data\p_dk\examples\MultiScreen\MainFrm.cpp
46=d:\works\vocatch-data\p_dk\examples\MultiScreen\MainFrm.h
47=d:\works\vocatch-data\p_dk\examples\MultiScreen\MultiScreen.aps
48=d:\works\vocatch-data\p_dk\examples\MultiScreen\MultiScreen.clw
49=d:\works\vocatch-data\p_dk\examples\MultiScreen\MultiScreen.cpp
50=d:\works\vocatch-data\p_dk\examples\MultiScreen\MultiScreen.dsp
51=d:\works\vocatch-data\p_dk\examples\MultiScreen\MultiScreen.dsw
52=d:\works\vocatch-data\p_dk\examples\MultiScreen\MultiScreen.h
53=d:\works\vocatch-data\p_dk\examples\MultiScreen\MultiScreen.ncb
54=d:\works\vocatch-data\p_dk\examples\MultiScreen\MultiScreen.opt
55=d:\works\vocatch-data\p_dk\examples\MultiScreen\MultiScreen.plg
56=d:\works\vocatch-data\p_dk\examples\MultiScreen\MultiScreen.rc
57=d:\works\vocatch-data\p_dk\examples\MultiScreen\MultiScreenView.cpp
58=d:\works\vocatch-data\p_dk\examples\MultiScreen\MultiScreenView.h
59=d:\works\vocatch-data\p_dk\examples\MultiScreen\ReadMe.txt
60=d:\works\vocatch-data\p_dk\examples\MultiScreen\Release\MultiScreen.exe
61=d:\works\vocatch-data\p_dk\examples\MultiScreen\res\MultiScreen.ico
62=d:\works\vocatch-data\p_dk\examples\MultiScreen\res\MultiScreen.rc2
63=d:\works\vocatch-data\p_dk\examples\MultiScreen\res\Toolbar.bmp
64=d:\works\vocatch-data\p_dk\examples\MultiScreen\resource.h
65=d:\works\vocatch-data\p_dk\examples\MultiScreen\StdAfx.cpp
66=d:\works\vocatch-data\p_dk\examples\MultiScreen\StdAfx.h
67=d:\works\vocatch-data\p_dk\examples\MultiScreen\VerCtrl2.dat
68=d:\works\vocatch-data\p_dk\examples\MultiScreen\MultiScreen.sln
69=d:\works\vocatch-data\p_dk\examples\MultiScreen\MultiScreen.vcproj
70=d:\works\vocatch-data\p_dk\examples\RdvpViewer\Avi\Avi.aps
71=d:\works\vocatch-data\p_dk\examples\RdvpViewer\Avi\Avi.clw
72=d:\works\vocatch-data\p_dk\examples\RdvpViewer\Avi\Avi.cpp
73=d:\works\vocatch-data\p_dk\examples\RdvpViewer\Avi\Avi.def
74=d:\works\vocatch-data\p_dk\examples\RdvpViewer\Avi\Avi.dsp
75=d:\works\vocatch-data\p_dk\examples\RdvpViewer\Avi\Avi.dsw
76=d:\works\vocatch-data\p_dk\examples\RdvpViewer\Avi\Avi.h
77=d:\works\vocatch-data\p_dk\examples\RdvpViewer\Avi\Avi.ncb
78=d:\works\vocatch-data\p_dk\examples\RdvpViewer\Avi\Avi.opt
79=d:\works\vocatch-data\p_dk\examples\RdvpViewer\Avi\Avi.plg
80=d:\works\vocatch-data\p_dk\examples\RdvpViewer\Avi\Avi.rc
81=d:\works\vocatch-data\p_dk\examples\RdvpViewer\Avi\AviMan.cpp
82=d:\works\vocatch-data\p_dk\examples\RdvpViewer\Avi\AviMan.h
83=d:\works\vocatch-data\p_dk\examples\RdvpViewer\Avi\data2compress.h
84=d:\works\vocatch-data\p_dk\examples\RdvpViewer\Avi\LoopBack.cpp
85=d:\works\vocatch-data\p_dk\examples\RdvpViewer\Avi\OptionsDialog.cpp
86=d:\works\vocatch-data\p_dk\examples\RdvpViewer\Avi\OptionsDialog.h
87=d:\works\vocatch-data\p_dk\examples\RdvpViewer\Avi\res\Avi.rc2
88=d:\works\vocatch-data\p_dk\examples\RdvpViewer\Avi\resource.h
89=d:\works\vocatch-data\p_dk\examples\RdvpViewer\Avi\StdAfx.cpp
90=d:\works\vocatch-data\p_dk\examples\RdvpViewer\Avi\StdAfx.h
91=d:\works\vocatch-data\p_dk\examples\RdvpViewer\Avi\Avi.vcproj
92=d:\works\vocatch-data\p_dk\examples\RdvpViewer\Bin\Debug\Avi.dll
93=d:\works\vocatch-data\p_dk\examples\RdvpViewer\Bin\Debug\Capture.dll
94=d:\works\vocatch-data\p_dk\examples\RdvpViewer\Bin\Debug\RdvpViewer.exe
95=d:\works\vocatch-data\p_dk\examples\RdvpViewer\Bin\Release\avi.dll
96=d:\works\vocatch-data\p_dk\examples\RdvpViewer\Bin\Release\capture.dll
97=d:\works\vocatch-data\p_dk\examples\RdvpViewer\Bin\Release\RdvpViewer.exe
98=d:\works\vocatch-data\p_dk\examples\RdvpViewer\Capture\Capture.aps
99=d:\works\vocatch-data\p_dk\examples\RdvpViewer\Capture\Capture.clw
100=d:\works\vocatch-data\p_dk\examples\RdvpViewer\Capture\Capture.cpp
101=d:\works\vocatch-data\p_dk\examples\RdvpViewer\Capture\Capture.def
102=d:\works\vocatch-data\p_dk\examples\RdvpViewer\Capture\Capture.dsp
103=d:\works\vocatch-data\p_dk\examples\RdvpViewer\Capture\Capture.dsw
104=d:\works\vocatch-data\p_dk\examples\RdvpViewer\Capture\Capture.h
105=d:\works\vocatch-data\p_dk\examples\RdvpViewer\Capture\Capture.ncb
106=d:\works\vocatch-data\p_dk\examples\RdvpViewer\Capture\Capture.opt
107=d:\works\vocatch-data\p_dk\examples\RdvpViewer\Capture\Capture.rc
108=d:\works\vocatch-data\p_dk\examples\RdvpViewer\Capture\data2compress.h
109=d:\works\vocatch-data\p_dk\examples\RdvpViewer\Capture\Grabber.cpp
110=d:\works\vocatch-data\p_dk\examples\RdvpViewer\Capture\Grabber.h
111=d:\works\vocatch-data\p_dk\examples\RdvpViewer\Capture\Image.h
112=d:\works\vocatch-data\p_dk\examples\RdvpViewer\Capture\OptionDialog.cpp
113=d:\works\vocatch-data\p_dk\examples\RdvpViewer\Capture\OptionDialog.h
114=d:\works\vocatch-data\p_dk\examples\RdvpViewer\Capture\OptionsDlg.cpp
115=d:\works\vocatch-data\p_dk\examples\RdvpViewer\Capture\OptionsDlg.h
116=d:\works\vocatch-data\p_dk\examples\RdvpViewer\Capture\res\Capture.rc2
117=d:\works\vocatch-data\p_dk\examples\RdvpViewer\Capture\resource.h
118=d:\works\vocatch-data\p_dk\examples\RdvpViewer\Capture\StdAfx.cpp
119=d:\works\vocatch-data\p_dk\examples\RdvpViewer\Capture\StdAfx.h
120=d:\works\vocatch-data\p_dk\examples\RdvpViewer\Capture\Capture.vcproj
121=d:\works\vocatch-data\p_dk\examples\RdvpViewer\RdvpViewer.dsw
122=d:\works\vocatch-data\p_dk\examples\RdvpViewer\RdvpViewer.ncb
123=d:\works\vocatch-data\p_dk\examples\RdvpViewer\RdvpViewer.opt
124=d:\works\vocatch-data\p_dk\examples\RdvpViewer\RdvpViewerMain\Codec.cpp
125=d:\works\vocatch-data\p_dk\examples\RdvpViewer\RdvpViewerMain\Codec.h
126=d:\works\vocatch-data\p_dk\examples\RdvpViewer\RdvpViewerMain\data2compress.h
127=d:\works\vocatch-data\p_dk\examples\RdvpViewer\RdvpViewerMain\DrawWindow.cpp
128=d:\works\vocatch-data\p_dk\examples\RdvpViewer\RdvpViewerMain\DrawWindow.h
129=d:\works\vocatch-data\p_dk\examples\RdvpViewer\RdvpViewerMain\MainApp.cpp
130=d:\works\vocatch-data\p_dk\examples\RdvpViewer\RdvpViewerMain\MainApp.h
131=d:\works\vocatch-data\p_dk\examples\RdvpViewer\RdvpViewerMain\RdvpViewerDlg.cpp
132=d:\works\vocatch-data\p_dk\examples\RdvpViewer\RdvpViewerMain\RdvpViewerDlg.h
133=d:\works\vocatch-data\p_dk\examples\RdvpViewer\RdvpViewerMain\RdvpViewerMain.aps
134=d:\works\vocatch-data\p_dk\examples\RdvpViewer\RdvpViewerMain\RdvpViewerMain.clw
135=d:\works\vocatch-data\p_dk\examples\RdvpViewer\RdvpViewerMain\RdvpViewerMain.cpp
136=d:\works\vocatch-data\p_dk\examples\RdvpViewer\RdvpViewerMain\RdvpViewerMain.dsp
137=d:\works\vocatch-data\p_dk\examples\RdvpViewer\RdvpViewerMain\RdvpViewerMain.h
138=d:\works\vocatch-data\p_dk\examples\RdvpViewer\RdvpViewerMain\RdvpViewerMain.rc
139=d:\works\vocatch-data\p_dk\examples\RdvpViewer\RdvpViewerMain\res\bitmap1.bmp
140=d:\works\vocatch-data\p_dk\examples\RdvpViewer\RdvpViewerMain\res\bitmap2.bmp
141=d:\works\vocatch-data\p_dk\examples\RdvpViewer\RdvpViewerMain\res\bitmap3.bmp
142=d:\works\vocatch-data\p_dk\examples\RdvpViewer\RdvpViewerMain\res\RdvpViewer.ico
143=d:\works\vocatch-data\p_dk\examples\RdvpViewer\RdvpViewerMain\res\RdvpViewerMain.ico
144=d:\works\vocatch-data\p_dk\examples\RdvpViewer\RdvpViewerMain\res\RdvpViewerMain.rc2
145=d:\works\vocatch-data\p_dk\examples\RdvpViewer\RdvpViewerMain\resource.h
146=d:\works\vocatch-data\p_dk\examples\RdvpViewer\RdvpViewerMain\SourceDialog.cpp
147=d:\works\vocatch-data\p_dk\examples\RdvpViewer\RdvpViewerMain\SourceDialog.h
148=d:\works\vocatch-data\p_dk\examples\RdvpViewer\RdvpViewerMain\StdAfx.cpp
149=d:\works\vocatch-data\p_dk\examples\RdvpViewer\RdvpViewerMain\StdAfx.h
150=d:\works\vocatch-data\p_dk\examples\RdvpViewer\RdvpViewerMain\VideoParams.h
151=d:\works\vocatch-data\p_dk\examples\RdvpViewer\RdvpViewerMain\RdvpViewerMain.vcproj
152=d:\works\vocatch-data\p_dk\examples\RdvpViewer\RdvpViewer.sln
153=d:\works\vocatch-data\p_dk\examples\RdvpViewer\RdvpViewer.suo
154=d:\works\vocatch-data\p_dk\examples\RvcViewer\ControlPageBase.cpp
155=d:\works\vocatch-data\p_dk\examples\RvcViewer\ControlPageBase.h
156=d:\works\vocatch-data\p_dk\examples\RvcViewer\ControlPanelDlg.cpp
157=d:\works\vocatch-data\p_dk\examples\RvcViewer\ControlPanelDlg.h
158=d:\works\vocatch-data\p_dk\examples\RvcViewer\GeneralPage.cpp
159=d:\works\vocatch-data\p_dk\examples\RvcViewer\GeneralPage.h
160=d:\works\vocatch-data\p_dk\examples\RvcViewer\GpioPage.cpp
161=d:\works\vocatch-data\p_dk\examples\RvcViewer\GpioPage.h
162=d:\works\vocatch-data\p_dk\examples\RvcViewer\LoginDlg.cpp
163=d:\works\vocatch-data\p_dk\examples\RvcViewer\LoginDlg.h
164=d:\works\vocatch-data\p_dk\examples\RvcViewer\MainFrm.cpp
165=d:\works\vocatch-data\p_dk\examples\RvcViewer\MainFrm.h
166=d:\works\vocatch-data\p_dk\examples\RvcViewer\ReadMe.txt
167=d:\works\vocatch-data\p_dk\examples\RvcViewer\Release\RvcViewer.exe
168=d:\works\vocatch-data\p_dk\examples\RvcViewer\res\RvcViewer.ico
169=d:\works\vocatch-data\p_dk\examples\RvcViewer\res\RvcViewer.rc2
170=d:\works\vocatch-data\p_dk\examples\RvcViewer\res\VideoDoc.ico
171=d:\works\vocatch-data\p_dk\examples\RvcViewer\resource.h
172=d:\works\vocatch-data\p_dk\examples\RvcViewer\RvcViewer.aps
173=d:\works\vocatch-data\p_dk\examples\RvcViewer\RvcViewer.clw
174=d:\works\vocatch-data\p_dk\examples\RvcViewer\RvcViewer.cpp
175=d:\works\vocatch-data\p_dk\examples\RvcViewer\RvcViewer.dsp
176=d:\works\vocatch-data\p_dk\examples\RvcViewer\RvcViewer.dsw
177=d:\works\vocatch-data\p_dk\examples\RvcViewer\RvcViewer.h
178=d:\works\vocatch-data\p_dk\examples\RvcViewer\RvcViewer.ncb
179=d:\works\vocatch-data\p_dk\examples\RvcViewer\RvcViewer.opt
180=d:\works\vocatch-data\p_dk\examples\RvcViewer\RvcViewer.plg
181=d:\works\vocatch-data\p_dk\examples\RvcViewer\RvcViewer.rc
182=d:\works\vocatch-data\p_dk\examples\RvcViewer\StdAfx.cpp
183=d:\works\vocatch-data\p_dk\examples\RvcViewer\StdAfx.h
184=d:\works\vocatch-data\p_dk\examples\RvcViewer\VerCtrl2.dat
185=d:\works\vocatch-data\p_dk\examples\RvcViewer\VideoDoc.cpp
186=d:\works\vocatch-data\p_dk\examples\RvcViewer\VideoDoc.h
187=d:\works\vocatch-data\p_dk\examples\RvcViewer\VideoView.cpp
188=d:\works\vocatch-data\p_dk\examples\RvcViewer\VideoView.h
189=d:\works\vocatch-data\p_dk\examples\RvcViewer\RvcViewer.sln
190=d:\works\vocatch-data\p_dk\examples\RvcViewer\RvcViewer.vcproj
191=d:\works\vocatch-data\p_dk\include\rdevkit.h
192=d:\works\vocatch-data\p_dk\include\rdnbase.h
193=d:\works\vocatch-data\p_dk\include\rdvp.h
194=d:\works\vocatch-data\p_dk\include\rvcl.h
195=d:\works\vocatch-data\p_dk\lib\rdevkit.lib
196=d:\works\vocatch-data\p_dk\lib\rdvp.lib
197=d:\works\vocatch-data\p_dk\lib\rvcl.lib
198=d:\works\vocatch-data\p_dk\License Agreement.htm
199=D:\Documents and Settings\All Users.WINDOWS\Главное меню\Программы\PENTACON Developer Kit\PENTACON Developer Kit.lnk
200=D:\Documents and Settings\All Users.WINDOWS\Главное меню\Программы\PENTACON Developer Kit\PENTACON Developer Kit License Agreement.lnk
201=D:\Documents and Settings\All Users.WINDOWS\Главное меню\Программы\PENTACON Developer Kit\Reference Manual.lnk
202=D:\Documents and Settings\All Users.WINDOWS\Главное меню\Программы\PENTACON Developer Kit\Example\KeyEdit.lnk
203=D:\Documents and Settings\All Users.WINDOWS\Главное меню\Программы\PENTACON Developer Kit\Example\MultiScreen.lnk
204=D:\Documents and Settings\All Users.WINDOWS\Главное меню\Программы\PENTACON Developer Kit\Example\RdvpViewer.lnk
205=D:\Documents and Settings\All Users.WINDOWS\Главное меню\Программы\PENTACON Developer Kit\Example\RvcViewer.lnk
[Strings]
IDS_STRING1=Are you sure you want to completely remove the selected application and all of its components?
IDS_STRING2=Confirm File Deletion
IDS_STRING3=The system indicates that the following shared file is no longer used by any programs.
IDS_STRING4=Remove Shared File?
IDS_STRING5=Uninstall successfully completed.
IDS_STRING6=Uninstall
IDS_STRING7=If any programs are still using this file and it is removed, those programs may not function. Are you sure you want to remove the shared file?
IDS_STRING8=Uninstall was partially successful.
IDS_ADMINPRIVILEGESNEEDED=Administrative privileges are needed to uninstall this software.
IDS_YES=&Yes
IDS_NO=&No
IDS_YESTOALL=Yes to &All
IDS_REMOVINGFILE=Removing File:
